ecs_admin_user:-1;
ecs_area_region:-1;
ecs_article:-1;
ecs_article_cat:-1;
ecs_attribute:-1;
ecs_brand:-1;
ecs_cart:-1;
ecs_category:-1;
ecs_comment:-1;
ecs_goods:-1;
ecs_goods_attr:-1;
ecs_goods_cat:-1;
ecs_goods_gallery:-1;
ecs_goods_type:-1;
ecs_group_goods:-1;
ecs_link_goods:-1;
ecs_member_price:-1;
ecs_order_action:-1;
ecs_order_goods:-1;
ecs_order_info:-1;
ecs_payment:-1;
ecs_region:-1;
ecs_shipping:-1;
ecs_shipping_area:-1;
ecs_shop_config:-1;
ecs_user_address:-1;
ecs_user_bonus:-1;
ecs_user_rank:-1;
ecs_users:-1;
ecs_virtual_card:-1;
